

Started POST "/find_customer" for ::1 at 2015-06-30 16:55:26 -0500
Processing by ApiController#find_customer as */*
Completed 500 Internal Server Error in 9ms (ActiveRecord: 0.0ms)

TypeError (no implicit conversion of nil into String):
  app/controllers/api_controller.rb:106:in `+'
  app/controllers/api_controller.rb:106:in `find_customer'


  Rendered vendor/bundle/ruby/2.2.0/gems/actionpack-4.2.1/lib/action_dispatch/middleware/templates/rescues/_source.erb (7.2ms)
  Rendered vendor/bundle/ruby/2.2.0/gems/actionpack-4.2.1/lib/action_dispatch/middleware/templates/rescues/_trace.html.erb (4.1ms)
  Rendered vendor/bundle/ruby/2.2.0/gems/actionpack-4.2.1/lib/action_dispatch/middleware/templates/rescues/_request_and_response.html.erb (1.5ms)
  Rendered vendor/bundle/ruby/2.2.0/gems/actionpack-4.2.1/lib/action_dispatch/middleware/templates/rescues/diagnostics.html.erb within rescues/layout (67.7ms)
  Rendered vendor/bundle/ruby/2.2.0/gems/web-console-2.1.3/lib/web_console/templates/_markup.html.erb (0.4ms)
  Rendered vendor/bundle/ruby/2.2.0/gems/web-console-2.1.3/lib/web_console/templates/style.css.erb within layouts/inlined_string (0.5ms)
  Rendered vendor/bundle/ruby/2.2.0/gems/web-console-2.1.3/lib/web_console/templates/_inner_console_markup.html.erb within layouts/inlined_string (0.2ms)
  Rendered vendor/bundle/ruby/2.2.0/gems/web-console-2.1.3/lib/web_console/templates/_prompt_box_markup.html.erb within layouts/inlined_string (0.2ms)
  Rendered vendor/bundle/ruby/2.2.0/gems/web-console-2.1.3/lib/web_console/templates/console.js.erb within layouts/javascript (49.8ms)
  Rendered vendor/bundle/ruby/2.2.0/gems/web-console-2.1.3/lib/web_console/templates/main.js.erb within layouts/javascript (0.3ms)
  Rendered vendor/bundle/ruby/2.2.0/gems/web-console-2.1.3/lib/web_console/templates/error_page.js.erb within layouts/javascript (0.5ms)
  Rendered vendor/bundle/ruby/2.2.0/gems/web-console-2.1.3/lib/web_console/templates/index.html.erb (114.6ms)


Started POST "/find_customer" for ::1 at 2015-06-30 16:56:05 -0500
Processing by ApiController#find_customer as */*
Completed 500 Internal Server Error in 1ms (ActiveRecord: 0.0ms)

TypeError (no implicit conversion of nil into String):
  app/controllers/api_controller.rb:106:in `+'
  app/controllers/api_controller.rb:106:in `find_customer'


  Rendered vendor/bundle/ruby/2.2.0/gems/actionpack-4.2.1/lib/action_dispatch/middleware/templates/rescues/_source.erb (5.2ms)
  Rendered vendor/bundle/ruby/2.2.0/gems/actionpack-4.2.1/lib/action_dispatch/middleware/templates/rescues/_trace.html.erb (3.1ms)
  Rendered vendor/bundle/ruby/2.2.0/gems/actionpack-4.2.1/lib/action_dispatch/middleware/templates/rescues/_request_and_response.html.erb (0.9ms)
  Rendered vendor/bundle/ruby/2.2.0/gems/actionpack-4.2.1/lib/action_dispatch/middleware/templates/rescues/diagnostics.html.erb within rescues/layout (55.9ms)
  Rendered vendor/bundle/ruby/2.2.0/gems/web-console-2.1.3/lib/web_console/templates/_markup.html.erb (0.3ms)
  Rendered vendor/bundle/ruby/2.2.0/gems/web-console-2.1.3/lib/web_console/templates/style.css.erb within layouts/inlined_string (0.3ms)
  Rendered vendor/bundle/ruby/2.2.0/gems/web-console-2.1.3/lib/web_console/templates/_inner_console_markup.html.erb within layouts/inlined_string (0.3ms)
  Rendered vendor/bundle/ruby/2.2.0/gems/web-console-2.1.3/lib/web_console/templates/_prompt_box_markup.html.erb within layouts/inlined_string (0.3ms)
  Rendered vendor/bundle/ruby/2.2.0/gems/web-console-2.1.3/lib/web_console/templates/console.js.erb within layouts/javascript (46.9ms)
  Rendered vendor/bundle/ruby/2.2.0/gems/web-console-2.1.3/lib/web_console/templates/main.js.erb within layouts/javascript (0.4ms)
  Rendered vendor/bundle/ruby/2.2.0/gems/web-console-2.1.3/lib/web_console/templates/error_page.js.erb within layouts/javascript (0.4ms)
  Rendered vendor/bundle/ruby/2.2.0/gems/web-console-2.1.3/lib/web_console/templates/index.html.erb (107.3ms)


Started POST "/find_customer" for ::1 at 2015-06-30 16:56:33 -0500
Processing by ApiController#find_customer as */*
  Parameters: {"customer_id"=>"19249159", "api"=>{"customer_id"=>"19249159"}}
Completed 200 OK in 669ms (Views: 0.1ms | ActiveRecord: 0.0ms)


Started POST "/find_customer" for ::1 at 2015-06-30 16:56:53 -0500
Processing by ApiController#find_customer as */*
  Parameters: {"customer_id"=>"19249159", "api"=>{"customer_id"=>"19249159"}}
Completed 200 OK in 514ms (Views: 0.1ms | ActiveRecord: 0.0ms)


Started POST "/find_customer" for ::1 at 2015-06-30 16:59:40 -0500
Processing by ApiController#find_customer as */*
  Parameters: {"customer_id"=>"19249159", "api"=>{"customer_id"=>"19249159"}}
Completed 500 Internal Server Error in 534ms (ActiveRecord: 0.0ms)

NoMethodError (undefined method `id' for #<Array:0x007fbef6858790>):
  app/controllers/api_controller.rb:108:in `find_customer'


  Rendered vendor/bundle/ruby/2.2.0/gems/actionpack-4.2.1/lib/action_dispatch/middleware/templates/rescues/_source.erb (4.9ms)
  Rendered vendor/bundle/ruby/2.2.0/gems/actionpack-4.2.1/lib/action_dispatch/middleware/templates/rescues/_trace.html.erb (2.0ms)
  Rendered vendor/bundle/ruby/2.2.0/gems/actionpack-4.2.1/lib/action_dispatch/middleware/templates/rescues/_request_and_response.html.erb (0.9ms)
  Rendered vendor/bundle/ruby/2.2.0/gems/actionpack-4.2.1/lib/action_dispatch/middleware/templates/rescues/diagnostics.html.erb within rescues/layout (52.9ms)
Cannot render console with content type application/jsonAllowed content types: [#<Mime::Type:0x007fbef4b491e0 @synonyms=["application/xhtml+xml"], @symbol=:html, @string="text/html">, #<Mime::Type:0x007fbef4b48f10 @synonyms=[], @symbol=:text, @string="text/plain">, #<Mime::Type:0x007fbef4b52ad8 @synonyms=[], @symbol=:url_encoded_form, @string="application/x-www-form-urlencoded">]


Started POST "/find_customer" for ::1 at 2015-06-30 17:01:01 -0500
Processing by ApiController#find_customer as */*
  Parameters: {"customer_id"=>"19249159", "api"=>{"customer_id"=>"19249159"}}
Completed 500 Internal Server Error in 501ms (ActiveRecord: 0.0ms)

NoMethodError (undefined method `default' for #<Array:0x007fbef68691f8>):
  app/controllers/api_controller.rb:108:in `find_customer'


  Rendered vendor/bundle/ruby/2.2.0/gems/actionpack-4.2.1/lib/action_dispatch/middleware/templates/rescues/_source.erb (4.7ms)
  Rendered vendor/bundle/ruby/2.2.0/gems/actionpack-4.2.1/lib/action_dispatch/middleware/templates/rescues/_trace.html.erb (2.9ms)
  Rendered vendor/bundle/ruby/2.2.0/gems/actionpack-4.2.1/lib/action_dispatch/middleware/templates/rescues/_request_and_response.html.erb (0.9ms)
  Rendered vendor/bundle/ruby/2.2.0/gems/actionpack-4.2.1/lib/action_dispatch/middleware/templates/rescues/diagnostics.html.erb within rescues/layout (51.1ms)
Cannot render console with content type application/jsonAllowed content types: [#<Mime::Type:0x007fbef4b491e0 @synonyms=["application/xhtml+xml"], @symbol=:html, @string="text/html">, #<Mime::Type:0x007fbef4b48f10 @synonyms=[], @symbol=:text, @string="text/plain">, #<Mime::Type:0x007fbef4b52ad8 @synonyms=[], @symbol=:url_encoded_form, @string="application/x-www-form-urlencoded">]


Started POST "/find_customer" for ::1 at 2015-06-30 17:01:13 -0500
Processing by ApiController#find_customer as */*
  Parameters: {"customer_id"=>"19249159", "api"=>{"customer_id"=>"19249159"}}
Completed 200 OK in 604ms (Views: 0.1ms | ActiveRecord: 0.0ms)


Started POST "/find_customer" for ::1 at 2015-06-30 17:02:06 -0500
Processing by ApiController#find_customer as */*
  Parameters: {"customer_id"=>"19249159", "api"=>{"customer_id"=>"19249159"}}
Completed 200 OK in 491ms (Views: 0.1ms | ActiveRecord: 0.0ms)


Started POST "/find_customer" for ::1 at 2015-06-30 17:02:39 -0500
Processing by ApiController#find_customer as */*
  Parameters: {"customer_id"=>"19249159", "api"=>{"customer_id"=>"19249159"}}
Completed 200 OK in 614ms (Views: 0.1ms | ActiveRecord: 0.0ms)


Started POST "/find_customer" for ::1 at 2015-06-30 17:02:51 -0500
Processing by ApiController#find_customer as */*
  Parameters: {"customer_id"=>"19249159", "api"=>{"customer_id"=>"19249159"}}
Completed 200 OK in 503ms (Views: 0.1ms | ActiveRecord: 0.0ms)


Started POST "/find_customer" for ::1 at 2015-06-30 17:03:00 -0500
Processing by ApiController#find_customer as */*
  Parameters: {"customer_id"=>"19249159", "api"=>{"customer_id"=>"19249159"}}
Completed 200 OK in 599ms (Views: 0.2ms | ActiveRecord: 0.0ms)


Started GET "/" for ::1 at 2015-06-30 21:04:16 -0500
Processing by ApiController#listAPIs as HTML
Completed 200 OK in 0ms (Views: 0.1ms | ActiveRecord: 0.0ms)


Started POST "/customer/add_payment_method" for ::1 at 2015-07-02 09:16:09 -0500
Processing by ApiController#add_payment_method as */*
  Parameters: {"customer_id"=>"19249159", "nonce"=>"fake-valid-nonce", "api"=>{"customer_id"=>"19249159", "nonce"=>"fake-valid-nonce"}}
Completed 500 Internal Server Error in 1225ms (ActiveRecord: 0.0ms)

ActionView::MissingTemplate (Missing template api/add_payment_method, application/add_payment_method with {:locale=>[:en], :formats=>[:html, :text, :js, :css, :ics, :csv, :vcf, :png, :jpeg, :gif, :bmp, :tiff, :mpeg, :xml, :rss, :atom, :yaml, :multipart_form, :url_encoded_form, :json, :pdf, :zip], :variants=>[], :handlers=>[:erb, :builder, :raw, :ruby]}. Searched in:
  * "/Users/rishabhtayal/Desktop/dev-braintree-backend-ios/app/views"
):
  vendor/bundle/ruby/2.2.0/gems/actionview-4.2.1/lib/action_view/path_set.rb:46:in `find'
  vendor/bundle/ruby/2.2.0/gems/actionview-4.2.1/lib/action_view/lookup_context.rb:121:in `find'
  vendor/bundle/ruby/2.2.0/gems/actionview-4.2.1/lib/action_view/renderer/abstract_renderer.rb:18:in `find_template'
  vendor/bundle/ruby/2.2.0/gems/actionview-4.2.1/lib/action_view/renderer/template_renderer.rb:40:in `determine_template'
  vendor/bundle/ruby/2.2.0/gems/actionview-4.2.1/lib/action_view/renderer/template_renderer.rb:8:in `render'
  vendor/bundle/ruby/2.2.0/gems/actionview-4.2.1/lib/action_view/renderer/renderer.rb:42:in `render_template'
  vendor/bundle/ruby/2.2.0/gems/actionview-4.2.1/lib/action_view/renderer/renderer.rb:23:in `render'
  vendor/bundle/ruby/2.2.0/gems/actionview-4.2.1/lib/action_view/rendering.rb:100:in `_render_template'
  vendor/bundle/ruby/2.2.0/gems/actionpack-4.2.1/lib/action_controller/metal/streaming.rb:217:in `_render_template'
  vendor/bundle/ruby/2.2.0/gems/actionview-4.2.1/lib/action_view/rendering.rb:83:in `render_to_body'
  vendor/bundle/ruby/2.2.0/gems/actionpack-4.2.1/lib/action_controller/metal/rendering.rb:32:in `render_to_body'
  vendor/bundle/ruby/2.2.0/gems/actionpack-4.2.1/lib/action_controller/metal/renderers.rb:37:in `render_to_body'
  vendor/bundle/ruby/2.2.0/gems/actionpack-4.2.1/lib/abstract_controller/rendering.rb:25:in `render'
  vendor/bundle/ruby/2.2.0/gems/actionpack-4.2.1/lib/action_controller/metal/rendering.rb:16:in `render'
  vendor/bundle/ruby/2.2.0/gems/actionpack-4.2.1/lib/action_controller/metal/instrumentation.rb:44:in `block (2 levels) in render'
  vendor/bundle/ruby/2.2.0/gems/activesupport-4.2.1/lib/active_support/core_ext/benchmark.rb:12:in `block in ms'
  /Users/rishabhtayal/.rvm/rubies/ruby-2.2.1/lib/ruby/2.2.0/benchmark.rb:303:in `realtime'
  vendor/bundle/ruby/2.2.0/gems/activesupport-4.2.1/lib/active_support/core_ext/benchmark.rb:12:in `ms'
  vendor/bundle/ruby/2.2.0/gems/actionpack-4.2.1/lib/action_controller/metal/instrumentation.rb:44:in `block in render'
  vendor/bundle/ruby/2.2.0/gems/actionpack-4.2.1/lib/action_controller/metal/instrumentation.rb:87:in `cleanup_view_runtime'
  vendor/bundle/ruby/2.2.0/gems/activerecord-4.2.1/lib/active_record/railties/controller_runtime.rb:25:in `cleanup_view_runtime'
  vendor/bundle/ruby/2.2.0/gems/actionpack-4.2.1/lib/action_controller/metal/instrumentation.rb:43:in `render'
  vendor/bundle/ruby/2.2.0/gems/actionpack-4.2.1/lib/action_controller/metal/implicit_render.rb:10:in `default_render'
  vendor/bundle/ruby/2.2.0/gems/actionpack-4.2.1/lib/action_controller/metal/implicit_render.rb:5:in `send_action'
  vendor/bundle/ruby/2.2.0/gems/actionpack-4.2.1/lib/abstract_controller/base.rb:198:in `process_action'
  vendor/bundle/ruby/2.2.0/gems/actionpack-4.2.1/lib/action_controller/metal/rendering.rb:10:in `process_action'
  vendor/bundle/ruby/2.2.0/gems/actionpack-4.2.1/lib/abstract_controller/callbacks.rb:20:in `block in process_action'
  vendor/bundle/ruby/2.2.0/gems/activesupport-4.2.1/lib/active_support/callbacks.rb:117:in `call'
  vendor/bundle/ruby/2.2.0/gems/activesupport-4.2.1/lib/active_support/callbacks.rb:117:in `call'
  vendor/bundle/ruby/2.2.0/gems/activesupport-4.2.1/lib/active_support/callbacks.rb:555:in `block (2 levels) in compile'
  vendor/bundle/ruby/2.2.0/gems/activesupport-4.2.1/lib/active_support/callbacks.rb:505:in `call'
  vendor/bundle/ruby/2.2.0/gems/activesupport-4.2.1/lib/active_support/callbacks.rb:505:in `call'
  vendor/bundle/ruby/2.2.0/gems/activesupport-4.2.1/lib/active_support/callbacks.rb:92:in `_run_callbacks'
  vendor/bundle/ruby/2.2.0/gems/activesupport-4.2.1/lib/active_support/callbacks.rb:776:in `_run_process_action_callbacks'
  vendor/bundle/ruby/2.2.0/gems/activesupport-4.2.1/lib/active_support/callbacks.rb:81:in `run_callbacks'
  vendor/bundle/ruby/2.2.0/gems/actionpack-4.2.1/lib/abstract_controller/callbacks.rb:19:in `process_action'
  vendor/bundle/ruby/2.2.0/gems/actionpack-4.2.1/lib/action_controller/metal/rescue.rb:29:in `process_action'
  vendor/bundle/ruby/2.2.0/gems/actionpack-4.2.1/lib/action_controller/metal/instrumentation.rb:32:in `block in process_action'
  vendor/bundle/ruby/2.2.0/gems/activesupport-4.2.1/lib/active_support/notifications.rb:164:in `block in instrument'
  vendor/bundle/ruby/2.2.0/gems/activesupport-4.2.1/lib/active_support/notifications/instrumenter.rb:20:in `instrument'
  vendor/bundle/ruby/2.2.0/gems/activesupport-4.2.1/lib/active_support/notifications.rb:164:in `instrument'
  vendor/bundle/ruby/2.2.0/gems/actionpack-4.2.1/lib/action_controller/metal/instrumentation.rb:30:in `process_action'
  vendor/bundle/ruby/2.2.0/gems/actionpack-4.2.1/lib/action_controller/metal/params_wrapper.rb:250:in `process_action'
  vendor/bundle/ruby/2.2.0/gems/activerecord-4.2.1/lib/active_record/railties/controller_runtime.rb:18:in `process_action'
  vendor/bundle/ruby/2.2.0/gems/actionpack-4.2.1/lib/abstract_controller/base.rb:137:in `process'
  vendor/bundle/ruby/2.2.0/gems/actionview-4.2.1/lib/action_view/rendering.rb:30:in `process'
  vendor/bundle/ruby/2.2.0/gems/actionpack-4.2.1/lib/action_controller/metal.rb:196:in `dispatch'
  vendor/bundle/ruby/2.2.0/gems/actionpack-4.2.1/lib/action_controller/metal/rack_delegation.rb:13:in `dispatch'
  vendor/bundle/ruby/2.2.0/gems/actionpack-4.2.1/lib/action_controller/metal.rb:237:in `block in action'
  vendor/bundle/ruby/2.2.0/gems/actionpack-4.2.1/lib/action_dispatch/routing/route_set.rb:74:in `call'
  vendor/bundle/ruby/2.2.0/gems/actionpack-4.2.1/lib/action_dispatch/routing/route_set.rb:74:in `dispatch'
  vendor/bundle/ruby/2.2.0/gems/actionpack-4.2.1/lib/action_dispatch/routing/route_set.rb:43:in `serve'
  vendor/bundle/ruby/2.2.0/gems/actionpack-4.2.1/lib/action_dispatch/journey/router.rb:43:in `block in serve'
  vendor/bundle/ruby/2.2.0/gems/actionpack-4.2.1/lib/action_dispatch/journey/router.rb:30:in `each'
  vendor/bundle/ruby/2.2.0/gems/actionpack-4.2.1/lib/action_dispatch/journey/router.rb:30:in `serve'
  vendor/bundle/ruby/2.2.0/gems/actionpack-4.2.1/lib/action_dispatch/routing/route_set.rb:819:in `call'
  vendor/bundle/ruby/2.2.0/gems/rack-1.6.4/lib/rack/etag.rb:24:in `call'
  vendor/bundle/ruby/2.2.0/gems/rack-1.6.4/lib/rack/conditionalget.rb:38:in `call'
  vendor/bundle/ruby/2.2.0/gems/rack-1.6.4/lib/rack/head.rb:13:in `call'
  vendor/bundle/ruby/2.2.0/gems/actionpack-4.2.1/lib/action_dispatch/middleware/params_parser.rb:27:in `call'
  vendor/bundle/ruby/2.2.0/gems/actionpack-4.2.1/lib/action_dispatch/middleware/flash.rb:260:in `call'
  vendor/bundle/ruby/2.2.0/gems/rack-1.6.4/lib/rack/session/abstract/id.rb:225:in `context'
  vendor/bundle/ruby/2.2.0/gems/rack-1.6.4/lib/rack/session/abstract/id.rb:220:in `call'
  vendor/bundle/ruby/2.2.0/gems/actionpack-4.2.1/lib/action_dispatch/middleware/cookies.rb:560:in `call'
  vendor/bundle/ruby/2.2.0/gems/activerecord-4.2.1/lib/active_record/query_cache.rb:36:in `call'
  vendor/bundle/ruby/2.2.0/gems/activerecord-4.2.1/lib/active_record/connection_adapters/abstract/connection_pool.rb:649:in `call'
  vendor/bundle/ruby/2.2.0/gems/activerecord-4.2.1/lib/active_record/migration.rb:378:in `call'
  vendor/bundle/ruby/2.2.0/gems/actionpack-4.2.1/lib/action_dispatch/middleware/callbacks.rb:29:in `block in call'
  vendor/bundle/ruby/2.2.0/gems/activesupport-4.2.1/lib/active_support/callbacks.rb:88:in `call'
  vendor/bundle/ruby/2.2.0/gems/activesupport-4.2.1/lib/active_support/callbacks.rb:88:in `_run_callbacks'
  vendor/bundle/ruby/2.2.0/gems/activesupport-4.2.1/lib/active_support/callbacks.rb:776:in `_run_call_callbacks'
  vendor/bundle/ruby/2.2.0/gems/activesupport-4.2.1/lib/active_support/callbacks.rb:81:in `run_callbacks'
  vendor/bundle/ruby/2.2.0/gems/actionpack-4.2.1/lib/action_dispatch/middleware/callbacks.rb:27:in `call'
  vendor/bundle/ruby/2.2.0/gems/actionpack-4.2.1/lib/action_dispatch/middleware/reloader.rb:73:in `call'
  vendor/bundle/ruby/2.2.0/gems/actionpack-4.2.1/lib/action_dispatch/middleware/remote_ip.rb:78:in `call'
  vendor/bundle/ruby/2.2.0/gems/actionpack-4.2.1/lib/action_dispatch/middleware/debug_exceptions.rb:17:in `call'
  vendor/bundle/ruby/2.2.0/gems/web-console-2.1.3/lib/web_console/middleware.rb:37:in `call'
  vendor/bundle/ruby/2.2.0/gems/actionpack-4.2.1/lib/action_dispatch/middleware/show_exceptions.rb:30:in `call'
  vendor/bundle/ruby/2.2.0/gems/railties-4.2.1/lib/rails/rack/logger.rb:38:in `call_app'
  vendor/bundle/ruby/2.2.0/gems/railties-4.2.1/lib/rails/rack/logger.rb:20:in `block in call'
  vendor/bundle/ruby/2.2.0/gems/activesupport-4.2.1/lib/active_support/tagged_logging.rb:68:in `block in tagged'
  vendor/bundle/ruby/2.2.0/gems/activesupport-4.2.1/lib/active_support/tagged_logging.rb:26:in `tagged'
  vendor/bundle/ruby/2.2.0/gems/activesupport-4.2.1/lib/active_support/tagged_logging.rb:68:in `tagged'
  vendor/bundle/ruby/2.2.0/gems/railties-4.2.1/lib/rails/rack/logger.rb:20:in `call'
  vendor/bundle/ruby/2.2.0/gems/actionpack-4.2.1/lib/action_dispatch/middleware/request_id.rb:21:in `call'
  vendor/bundle/ruby/2.2.0/gems/rack-1.6.4/lib/rack/methodoverride.rb:22:in `call'
  vendor/bundle/ruby/2.2.0/gems/rack-1.6.4/lib/rack/runtime.rb:18:in `call'
  vendor/bundle/ruby/2.2.0/gems/activesupport-4.2.1/lib/active_support/cache/strategy/local_cache_middleware.rb:28:in `call'
  vendor/bundle/ruby/2.2.0/gems/rack-1.6.4/lib/rack/lock.rb:17:in `call'
  vendor/bundle/ruby/2.2.0/gems/actionpack-4.2.1/lib/action_dispatch/middleware/static.rb:113:in `call'
  vendor/bundle/ruby/2.2.0/gems/rack-1.6.4/lib/rack/sendfile.rb:113:in `call'
  vendor/bundle/ruby/2.2.0/gems/railties-4.2.1/lib/rails/engine.rb:518:in `call'
  vendor/bundle/ruby/2.2.0/gems/railties-4.2.1/lib/rails/application.rb:164:in `call'
  vendor/bundle/ruby/2.2.0/gems/rack-1.6.4/lib/rack/lock.rb:17:in `call'
  vendor/bundle/ruby/2.2.0/gems/rack-1.6.4/lib/rack/content_length.rb:15:in `call'
  vendor/bundle/ruby/2.2.0/gems/rack-1.6.4/lib/rack/handler/webrick.rb:88:in `service'
  /Users/rishabhtayal/.rvm/rubies/ruby-2.2.1/lib/ruby/2.2.0/webrick/httpserver.rb:138:in `service'
  /Users/rishabhtayal/.rvm/rubies/ruby-2.2.1/lib/ruby/2.2.0/webrick/httpserver.rb:94:in `run'
  /Users/rishabhtayal/.rvm/rubies/ruby-2.2.1/lib/ruby/2.2.0/webrick/server.rb:294:in `block in start_thread'


  Rendered vendor/bundle/ruby/2.2.0/gems/actionpack-4.2.1/lib/action_dispatch/middleware/templates/rescues/_source.erb (6.7ms)
  Rendered vendor/bundle/ruby/2.2.0/gems/actionpack-4.2.1/lib/action_dispatch/middleware/templates/rescues/_trace.html.erb (2.7ms)
  Rendered vendor/bundle/ruby/2.2.0/gems/actionpack-4.2.1/lib/action_dispatch/middleware/templates/rescues/_request_and_response.html.erb (1.0ms)
  Rendered vendor/bundle/ruby/2.2.0/gems/actionpack-4.2.1/lib/action_dispatch/middleware/templates/rescues/missing_template.html.erb within rescues/layout (83.1ms)
Cannot render console with content type application/jsonAllowed content types: [#<Mime::Type:0x007ff393783870 @synonyms=["application/xhtml+xml"], @symbol=:html, @string="text/html">, #<Mime::Type:0x007ff3937835a0 @synonyms=[], @symbol=:text, @string="text/plain">, #<Mime::Type:0x007ff393780558 @synonyms=[], @symbol=:url_encoded_form, @string="application/x-www-form-urlencoded">]


Started POST "/customer/add_payment_method" for ::1 at 2015-07-02 09:16:46 -0500
Processing by ApiController#add_payment_method as */*
  Parameters: {"customer_id"=>"19249159", "nonce"=>"b262ae78-87ef-4973-a2af-8f76a7dec5a6", "api"=>{"customer_id"=>"19249159", "nonce"=>"b262ae78-87ef-4973-a2af-8f76a7dec5a6"}}
Completed 500 Internal Server Error in 1362ms (ActiveRecord: 0.0ms)

ActionView::MissingTemplate (Missing template api/add_payment_method, application/add_payment_method with {:locale=>[:en], :formats=>[:html, :text, :js, :css, :ics, :csv, :vcf, :png, :jpeg, :gif, :bmp, :tiff, :mpeg, :xml, :rss, :atom, :yaml, :multipart_form, :url_encoded_form, :json, :pdf, :zip], :variants=>[], :handlers=>[:erb, :builder, :raw, :ruby]}. Searched in:
  * "/Users/rishabhtayal/Desktop/dev-braintree-backend-ios/app/views"
):
  vendor/bundle/ruby/2.2.0/gems/actionview-4.2.1/lib/action_view/path_set.rb:46:in `find'
  vendor/bundle/ruby/2.2.0/gems/actionview-4.2.1/lib/action_view/lookup_context.rb:121:in `find'
  vendor/bundle/ruby/2.2.0/gems/actionview-4.2.1/lib/action_view/renderer/abstract_renderer.rb:18:in `find_template'
  vendor/bundle/ruby/2.2.0/gems/actionview-4.2.1/lib/action_view/renderer/template_renderer.rb:40:in `determine_template'
  vendor/bundle/ruby/2.2.0/gems/actionview-4.2.1/lib/action_view/renderer/template_renderer.rb:8:in `render'
  vendor/bundle/ruby/2.2.0/gems/actionview-4.2.1/lib/action_view/renderer/renderer.rb:42:in `render_template'
  vendor/bundle/ruby/2.2.0/gems/actionview-4.2.1/lib/action_view/renderer/renderer.rb:23:in `render'
  vendor/bundle/ruby/2.2.0/gems/actionview-4.2.1/lib/action_view/rendering.rb:100:in `_render_template'
  vendor/bundle/ruby/2.2.0/gems/actionpack-4.2.1/lib/action_controller/metal/streaming.rb:217:in `_render_template'
  vendor/bundle/ruby/2.2.0/gems/actionview-4.2.1/lib/action_view/rendering.rb:83:in `render_to_body'
  vendor/bundle/ruby/2.2.0/gems/actionpack-4.2.1/lib/action_controller/metal/rendering.rb:32:in `render_to_body'
  vendor/bundle/ruby/2.2.0/gems/actionpack-4.2.1/lib/action_controller/metal/renderers.rb:37:in `render_to_body'
  vendor/bundle/ruby/2.2.0/gems/actionpack-4.2.1/lib/abstract_controller/rendering.rb:25:in `render'
  vendor/bundle/ruby/2.2.0/gems/actionpack-4.2.1/lib/action_controller/metal/rendering.rb:16:in `render'
  vendor/bundle/ruby/2.2.0/gems/actionpack-4.2.1/lib/action_controller/metal/instrumentation.rb:44:in `block (2 levels) in render'
  vendor/bundle/ruby/2.2.0/gems/activesupport-4.2.1/lib/active_support/core_ext/benchmark.rb:12:in `block in ms'
  /Users/rishabhtayal/.rvm/rubies/ruby-2.2.1/lib/ruby/2.2.0/benchmark.rb:303:in `realtime'
  vendor/bundle/ruby/2.2.0/gems/activesupport-4.2.1/lib/active_support/core_ext/benchmark.rb:12:in `ms'
  vendor/bundle/ruby/2.2.0/gems/actionpack-4.2.1/lib/action_controller/metal/instrumentation.rb:44:in `block in render'
  vendor/bundle/ruby/2.2.0/gems/actionpack-4.2.1/lib/action_controller/metal/instrumentation.rb:87:in `cleanup_view_runtime'
  vendor/bundle/ruby/2.2.0/gems/activerecord-4.2.1/lib/active_record/railties/controller_runtime.rb:25:in `cleanup_view_runtime'
  vendor/bundle/ruby/2.2.0/gems/actionpack-4.2.1/lib/action_controller/metal/instrumentation.rb:43:in `render'
  vendor/bundle/ruby/2.2.0/gems/actionpack-4.2.1/lib/action_controller/metal/implicit_render.rb:10:in `default_render'
  vendor/bundle/ruby/2.2.0/gems/actionpack-4.2.1/lib/action_controller/metal/implicit_render.rb:5:in `send_action'
  vendor/bundle/ruby/2.2.0/gems/actionpack-4.2.1/lib/abstract_controller/base.rb:198:in `process_action'
  vendor/bundle/ruby/2.2.0/gems/actionpack-4.2.1/lib/action_controller/metal/rendering.rb:10:in `process_action'
  vendor/bundle/ruby/2.2.0/gems/actionpack-4.2.1/lib/abstract_controller/callbacks.rb:20:in `block in process_action'
  vendor/bundle/ruby/2.2.0/gems/activesupport-4.2.1/lib/active_support/callbacks.rb:117:in `call'
  vendor/bundle/ruby/2.2.0/gems/activesupport-4.2.1/lib/active_support/callbacks.rb:117:in `call'
  vendor/bundle/ruby/2.2.0/gems/activesupport-4.2.1/lib/active_support/callbacks.rb:555:in `block (2 levels) in compile'
  vendor/bundle/ruby/2.2.0/gems/activesupport-4.2.1/lib/active_support/callbacks.rb:505:in `call'
  vendor/bundle/ruby/2.2.0/gems/activesupport-4.2.1/lib/active_support/callbacks.rb:505:in `call'
  vendor/bundle/ruby/2.2.0/gems/activesupport-4.2.1/lib/active_support/callbacks.rb:92:in `_run_callbacks'
  vendor/bundle/ruby/2.2.0/gems/activesupport-4.2.1/lib/active_support/callbacks.rb:776:in `_run_process_action_callbacks'
  vendor/bundle/ruby/2.2.0/gems/activesupport-4.2.1/lib/active_support/callbacks.rb:81:in `run_callbacks'
  vendor/bundle/ruby/2.2.0/gems/actionpack-4.2.1/lib/abstract_controller/callbacks.rb:19:in `process_action'
  vendor/bundle/ruby/2.2.0/gems/actionpack-4.2.1/lib/action_controller/metal/rescue.rb:29:in `process_action'
  vendor/bundle/ruby/2.2.0/gems/actionpack-4.2.1/lib/action_controller/metal/instrumentation.rb:32:in `block in process_action'
  vendor/bundle/ruby/2.2.0/gems/activesupport-4.2.1/lib/active_support/notifications.rb:164:in `block in instrument'
  vendor/bundle/ruby/2.2.0/gems/activesupport-4.2.1/lib/active_support/notifications/instrumenter.rb:20:in `instrument'
  vendor/bundle/ruby/2.2.0/gems/activesupport-4.2.1/lib/active_support/notifications.rb:164:in `instrument'
  vendor/bundle/ruby/2.2.0/gems/actionpack-4.2.1/lib/action_controller/metal/instrumentation.rb:30:in `process_action'
  vendor/bundle/ruby/2.2.0/gems/actionpack-4.2.1/lib/action_controller/metal/params_wrapper.rb:250:in `process_action'
  vendor/bundle/ruby/2.2.0/gems/activerecord-4.2.1/lib/active_record/railties/controller_runtime.rb:18:in `process_action'
  vendor/bundle/ruby/2.2.0/gems/actionpack-4.2.1/lib/abstract_controller/base.rb:137:in `process'
  vendor/bundle/ruby/2.2.0/gems/actionview-4.2.1/lib/action_view/rendering.rb:30:in `process'
  vendor/bundle/ruby/2.2.0/gems/actionpack-4.2.1/lib/action_controller/metal.rb:196:in `dispatch'
  vendor/bundle/ruby/2.2.0/gems/actionpack-4.2.1/lib/action_controller/metal/rack_delegation.rb:13:in `dispatch'
  vendor/bundle/ruby/2.2.0/gems/actionpack-4.2.1/lib/action_controller/metal.rb:237:in `block in action'
  vendor/bundle/ruby/2.2.0/gems/actionpack-4.2.1/lib/action_dispatch/routing/route_set.rb:74:in `call'
  vendor/bundle/ruby/2.2.0/gems/actionpack-4.2.1/lib/action_dispatch/routing/route_set.rb:74:in `dispatch'
  vendor/bundle/ruby/2.2.0/gems/actionpack-4.2.1/lib/action_dispatch/routing/route_set.rb:43:in `serve'
  vendor/bundle/ruby/2.2.0/gems/actionpack-4.2.1/lib/action_dispatch/journey/router.rb:43:in `block in serve'
  vendor/bundle/ruby/2.2.0/gems/actionpack-4.2.1/lib/action_dispatch/journey/router.rb:30:in `each'
  vendor/bundle/ruby/2.2.0/gems/actionpack-4.2.1/lib/action_dispatch/journey/router.rb:30:in `serve'
  vendor/bundle/ruby/2.2.0/gems/actionpack-4.2.1/lib/action_dispatch/routing/route_set.rb:819:in `call'
  vendor/bundle/ruby/2.2.0/gems/rack-1.6.4/lib/rack/etag.rb:24:in `call'
  vendor/bundle/ruby/2.2.0/gems/rack-1.6.4/lib/rack/conditionalget.rb:38:in `call'
  vendor/bundle/ruby/2.2.0/gems/rack-1.6.4/lib/rack/head.rb:13:in `call'
  vendor/bundle/ruby/2.2.0/gems/actionpack-4.2.1/lib/action_dispatch/middleware/params_parser.rb:27:in `call'
  vendor/bundle/ruby/2.2.0/gems/actionpack-4.2.1/lib/action_dispatch/middleware/flash.rb:260:in `call'
  vendor/bundle/ruby/2.2.0/gems/rack-1.6.4/lib/rack/session/abstract/id.rb:225:in `context'
  vendor/bundle/ruby/2.2.0/gems/rack-1.6.4/lib/rack/session/abstract/id.rb:220:in `call'
  vendor/bundle/ruby/2.2.0/gems/actionpack-4.2.1/lib/action_dispatch/middleware/cookies.rb:560:in `call'
  vendor/bundle/ruby/2.2.0/gems/activerecord-4.2.1/lib/active_record/query_cache.rb:36:in `call'
  vendor/bundle/ruby/2.2.0/gems/activerecord-4.2.1/lib/active_record/connection_adapters/abstract/connection_pool.rb:649:in `call'
  vendor/bundle/ruby/2.2.0/gems/activerecord-4.2.1/lib/active_record/migration.rb:378:in `call'
  vendor/bundle/ruby/2.2.0/gems/actionpack-4.2.1/lib/action_dispatch/middleware/callbacks.rb:29:in `block in call'
  vendor/bundle/ruby/2.2.0/gems/activesupport-4.2.1/lib/active_support/callbacks.rb:88:in `call'
  vendor/bundle/ruby/2.2.0/gems/activesupport-4.2.1/lib/active_support/callbacks.rb:88:in `_run_callbacks'
  vendor/bundle/ruby/2.2.0/gems/activesupport-4.2.1/lib/active_support/callbacks.rb:776:in `_run_call_callbacks'
  vendor/bundle/ruby/2.2.0/gems/activesupport-4.2.1/lib/active_support/callbacks.rb:81:in `run_callbacks'
  vendor/bundle/ruby/2.2.0/gems/actionpack-4.2.1/lib/action_dispatch/middleware/callbacks.rb:27:in `call'
  vendor/bundle/ruby/2.2.0/gems/actionpack-4.2.1/lib/action_dispatch/middleware/reloader.rb:73:in `call'
  vendor/bundle/ruby/2.2.0/gems/actionpack-4.2.1/lib/action_dispatch/middleware/remote_ip.rb:78:in `call'
  vendor/bundle/ruby/2.2.0/gems/actionpack-4.2.1/lib/action_dispatch/middleware/debug_exceptions.rb:17:in `call'
  vendor/bundle/ruby/2.2.0/gems/web-console-2.1.3/lib/web_console/middleware.rb:37:in `call'
  vendor/bundle/ruby/2.2.0/gems/actionpack-4.2.1/lib/action_dispatch/middleware/show_exceptions.rb:30:in `call'
  vendor/bundle/ruby/2.2.0/gems/railties-4.2.1/lib/rails/rack/logger.rb:38:in `call_app'
  vendor/bundle/ruby/2.2.0/gems/railties-4.2.1/lib/rails/rack/logger.rb:20:in `block in call'
  vendor/bundle/ruby/2.2.0/gems/activesupport-4.2.1/lib/active_support/tagged_logging.rb:68:in `block in tagged'
  vendor/bundle/ruby/2.2.0/gems/activesupport-4.2.1/lib/active_support/tagged_logging.rb:26:in `tagged'
  vendor/bundle/ruby/2.2.0/gems/activesupport-4.2.1/lib/active_support/tagged_logging.rb:68:in `tagged'
  vendor/bundle/ruby/2.2.0/gems/railties-4.2.1/lib/rails/rack/logger.rb:20:in `call'
  vendor/bundle/ruby/2.2.0/gems/actionpack-4.2.1/lib/action_dispatch/middleware/request_id.rb:21:in `call'
  vendor/bundle/ruby/2.2.0/gems/rack-1.6.4/lib/rack/methodoverride.rb:22:in `call'
  vendor/bundle/ruby/2.2.0/gems/rack-1.6.4/lib/rack/runtime.rb:18:in `call'
  vendor/bundle/ruby/2.2.0/gems/activesupport-4.2.1/lib/active_support/cache/strategy/local_cache_middleware.rb:28:in `call'
  vendor/bundle/ruby/2.2.0/gems/rack-1.6.4/lib/rack/lock.rb:17:in `call'
  vendor/bundle/ruby/2.2.0/gems/actionpack-4.2.1/lib/action_dispatch/middleware/static.rb:113:in `call'
  vendor/bundle/ruby/2.2.0/gems/rack-1.6.4/lib/rack/sendfile.rb:113:in `call'
  vendor/bundle/ruby/2.2.0/gems/railties-4.2.1/lib/rails/engine.rb:518:in `call'
  vendor/bundle/ruby/2.2.0/gems/railties-4.2.1/lib/rails/application.rb:164:in `call'
  vendor/bundle/ruby/2.2.0/gems/rack-1.6.4/lib/rack/lock.rb:17:in `call'
  vendor/bundle/ruby/2.2.0/gems/rack-1.6.4/lib/rack/content_length.rb:15:in `call'
  vendor/bundle/ruby/2.2.0/gems/rack-1.6.4/lib/rack/handler/webrick.rb:88:in `service'
  /Users/rishabhtayal/.rvm/rubies/ruby-2.2.1/lib/ruby/2.2.0/webrick/httpserver.rb:138:in `service'
  /Users/rishabhtayal/.rvm/rubies/ruby-2.2.1/lib/ruby/2.2.0/webrick/httpserver.rb:94:in `run'
  /Users/rishabhtayal/.rvm/rubies/ruby-2.2.1/lib/ruby/2.2.0/webrick/server.rb:294:in `block in start_thread'


  Rendered vendor/bundle/ruby/2.2.0/gems/actionpack-4.2.1/lib/action_dispatch/middleware/templates/rescues/_source.erb (6.6ms)
  Rendered vendor/bundle/ruby/2.2.0/gems/actionpack-4.2.1/lib/action_dispatch/middleware/templates/rescues/_trace.html.erb (3.3ms)
  Rendered vendor/bundle/ruby/2.2.0/gems/actionpack-4.2.1/lib/action_dispatch/middleware/templates/rescues/_request_and_response.html.erb (1.3ms)
  Rendered vendor/bundle/ruby/2.2.0/gems/actionpack-4.2.1/lib/action_dispatch/middleware/templates/rescues/missing_template.html.erb within rescues/layout (65.9ms)
Cannot render console with content type application/jsonAllowed content types: [#<Mime::Type:0x007ff393783870 @synonyms=["application/xhtml+xml"], @symbol=:html, @string="text/html">, #<Mime::Type:0x007ff3937835a0 @synonyms=[], @symbol=:text, @string="text/plain">, #<Mime::Type:0x007ff393780558 @synonyms=[], @symbol=:url_encoded_form, @string="application/x-www-form-urlencoded">]


Started POST "/customer/add_payment_method" for ::1 at 2015-07-02 09:17:37 -0500
Processing by ApiController#add_payment_method as */*
  Parameters: {"customer_id"=>"19249159", "nonce"=>"b262ae78-87ef-4973-a2af-8f76a7dec5a6", "api"=>{"customer_id"=>"19249159", "nonce"=>"b262ae78-87ef-4973-a2af-8f76a7dec5a6"}}
Completed 200 OK in 429ms (Views: 49.7ms | ActiveRecord: 0.0ms)


Started POST "/customer/add_payment_method" for ::1 at 2015-07-02 09:37:34 -0500
Processing by ApiController#add_payment_method as */*
  Parameters: {"customer_id"=>"19249159", "nonce"=>"b262ae78-87ef-4973-a2af-8f76a7dec5a6", "api"=>{"customer_id"=>"19249159", "nonce"=>"b262ae78-87ef-4973-a2af-8f76a7dec5a6"}}
Completed 500 Internal Server Error in 560ms (ActiveRecord: 0.0ms)

SystemStackError (stack level too deep):
  config/initializers/patches.rb:6:in `to_json'
  config/initializers/patches.rb:6:in `to_json'
  app/controllers/api_controller.rb:71:in `add_payment_method'




Started POST "/customer/add_payment_method" for ::1 at 2015-07-02 09:40:14 -0500
Processing by ApiController#add_payment_method as */*
  Parameters: {"customer_id"=>"19249159", "nonce"=>"b262ae78-87ef-4973-a2af-8f76a7dec5a6", "api"=>{"customer_id"=>"19249159", "nonce"=>"b262ae78-87ef-4973-a2af-8f76a7dec5a6"}}
Completed 400 Bad Request in 497ms (Views: 0.2ms | ActiveRecord: 0.0ms)


Started POST "/customer/add_payment_method" for ::1 at 2015-07-02 09:40:31 -0500
Processing by ApiController#add_payment_method as */*
  Parameters: {"customer_id"=>"19249159", "nonce"=>"b262ae78-87ef-4973-a2af-8f76a7dec5a6", "api"=>{"customer_id"=>"19249159", "nonce"=>"b262ae78-87ef-4973-a2af-8f76a7dec5a6"}}
Completed 500 Internal Server Error in 396ms (ActiveRecord: 0.0ms)

SystemStackError (stack level too deep):
  config/initializers/patches.rb:6:in `to_json'
  config/initializers/patches.rb:6:in `to_json'
  app/controllers/api_controller.rb:71:in `add_payment_method'


